  Data.cpp
  Draw_2D_noTexture.cpp
  Draw_2D_Texture.cpp
  Draw_3D_noTexture.cpp
  Draw_3D_Texture.cpp
  Graphics.cpp
  main.cpp
  Render.cpp
  Test_Draw_2D_noTexture.cpp
  Test_Draw_2D_Texture.cpp
  Test_Draw_3D_noTexture.cpp
  Test_Draw_3D_Texture.cpp
  Utility.cpp
  Utility_Ini_Vec2.cpp
  Utility_mtx4x4.cpp
  Utility_Vec3.cpp
  Utility_Vec4.cpp
  vulkan.cpp
  Vulkan_Buffer.cpp
  Vulkan_Checker.cpp
  コードを生成中...
  コンパイル中...
  Vulkan_Command_Buffer.cpp
  Vulkan_Command_Pool.cpp
  Vulkan_Debug_Log.cpp
  Vulkan_Depth_Buffer.cpp
  Vulkan_Descriptor_pool.cpp
  Vulkan_Device.cpp
  Vulkan_Error_Window.cpp
  Vulkan_Fence.cpp
  Vulkan_FrameBuffer.cpp
  Vulkan_Global_Layout_Properties.cpp
  Vulkan_GLSLtoSPV.cpp
  Vulkan_Graphic_Queue.cpp
  Vulkan_Image.cpp
  Vulkan_ImageView.cpp
  Vulkan_Instance.cpp
  Vulkan_Physical_Device.cpp
  Vulkan_Pipeline.cpp
  Vulkan_Render_Pass.cpp
  Vulkan_Resources.cpp
  Vulkan_Scissor.cpp
  コードを生成中...
  コンパイル中...
  Vulkan_Semaphore.cpp
  Vulkan_Shader.cpp
  Vulkan_Surface.cpp
  Vulkan_Swap_Chain.cpp
  Vulkan_Texture.cpp
  Vulkan_Uniform_Buffer.cpp
  Vulkan_ViewPort.cpp
  Window.cpp
  コードを生成中...
mtfvd.lib(mtfv.obj) : warning LNK4099: PDB 'mtfv.pdb' が 'mtfvd.lib(mtfv.obj)' で、または 'C:\Share\source\public_valkan\vulkan\Debug\mtfv.pdb' に見つかりません。デバッグ情報がないものとして、オブジェクトにリンクします。
  vulkan.vcxproj -> C:\Share\source\public_valkan\vulkan\Debug\vulkan.exe
